<?xml version="1.0" encoding="UTF-8"?>
<!-- Generated by org.testng.reporters.JUnitXMLReporter -->
<testsuite ignored="0" hostname="PUNE5CG9247T7Q" failures="0" tests="6" name="Default test" time="33.521" errors="0" timestamp="2021-04-24T11:05:23 IST">
  <testcase classname="Selenium.Maurya.TestFile" name="A" time="0.007"/>
  <testcase classname="Selenium.Maurya.TestFile" name="B" time="0.001"/>
  <testcase classname="Selenium.Maurya.TestFile" name="RegistrationSuccessful" time="1.978"/>
  <testcase classname="Selenium.Maurya.TestFile" name="RegistrationSuccessful1" time="0.541"/>
  <testcase classname="Selenium.Maurya.TestFile" name="RegistrationSuccessful2" time="0.387"/>
  <testcase classname="Selenium.Maurya.TestFile" name="main1" time="30.575"/>
</testsuite> <!-- Default test -->
