<?xml version="1.0" encoding="UTF-8"?>
<!-- Generated by org.testng.reporters.JUnitXMLReporter -->
<testsuite ignored="0" hostname="PUNE5CG9247T7Q" failures="0" tests="6" name="Default test" time="39.739" errors="0" timestamp="2021-04-24T10:57:24 IST">
  <testcase classname="Selenium.Maurya.TestFile" name="A" time="0.008"/>
  <testcase classname="Selenium.Maurya.TestFile" name="B" time="0.001"/>
  <testcase classname="Selenium.Maurya.TestFile" name="RegistrationSuccessful" time="3.933"/>
  <testcase classname="Selenium.Maurya.TestFile" name="RegistrationSuccessful1" time="2.003"/>
  <testcase classname="Selenium.Maurya.TestFile" name="RegistrationSuccessful2" time="0.864"/>
  <testcase classname="Selenium.Maurya.TestFile" name="main1" time="32.885"/>
</testsuite> <!-- Default test -->
