<?xml version="1.0" encoding="UTF-8"?>
<!-- Generated by org.testng.reporters.JUnitXMLReporter -->
<testsuite ignored="0" hostname="PUNE5CG9247T7Q" failures="0" tests="6" name="Test" time="3.341" errors="0" timestamp="2021-04-19T08:29:32 IST">
  <testcase classname="Selenium.Maurya.TestFile" name="A" time="0.009"/>
  <testcase classname="Selenium.Maurya.TestFile" name="B" time="0.001"/>
  <testcase classname="Selenium.Maurya.TestFile" name="RegistrationSuccessful" time="2.073"/>
  <testcase classname="Selenium.Maurya.TestFile" name="RegistrationSuccessful1" time="0.641"/>
  <testcase classname="Selenium.Maurya.TestFile" name="RegistrationSuccessful2" time="0.581"/>
  <testcase classname="Selenium.Maurya.TestFile" name="main1" time="0.001"/>
</testsuite> <!-- Test -->
