<?xml version="1.0" encoding="UTF-8"?>
<testng-results ignored="0" total="6" passed="6" failed="0" skipped="0">
  <reporter-output>
  </reporter-output>
  <suite started-at="2021-04-24T11:04:49 IST" name="Default suite" finished-at="2021-04-24T11:05:23 IST" duration-ms="33521">
    <groups>
      <group name="QA">
        <method signature="TestFile.B()[pri:0, instance:Selenium.Maurya.TestFile@4445629]" name="B" class="Selenium.Maurya.TestFile"/>
      </group> <!-- QA -->
      <group name="ST">
        <method signature="TestFile.B()[pri:0, instance:Selenium.Maurya.TestFile@4445629]" name="B" class="Selenium.Maurya.TestFile"/>
      </group> <!-- ST -->
    </groups>
    <test started-at="2021-04-24T11:04:49 IST" name="Default test" finished-at="2021-04-24T11:05:23 IST" duration-ms="33521">
      <class name="Selenium.Maurya.TestFile">
        <test-method signature="A()[pri:0, instance:Selenium.Maurya.TestFile@4445629]" started-at="2021-04-24T11:04:49 IST" name="A" finished-at="2021-04-24T11:04:49 IST" duration-ms="7" status="PASS">
          <reporter-output>
          </reporter-output>
        </test-method> <!-- A -->
        <test-method signature="B()[pri:0, instance:Selenium.Maurya.TestFile@4445629]" started-at="2021-04-24T11:04:49 IST" name="B" finished-at="2021-04-24T11:04:49 IST" duration-ms="1" status="PASS">
          <reporter-output>
          </reporter-output>
        </test-method> <!-- B -->
        <test-method signature="RegistrationSuccessful()[pri:0, instance:Selenium.Maurya.TestFile@4445629]" started-at="2021-04-24T11:04:49 IST" name="RegistrationSuccessful" finished-at="2021-04-24T11:04:51 IST" duration-ms="1978" status="PASS">
          <reporter-output>
          </reporter-output>
        </test-method> <!-- RegistrationSuccessful -->
        <test-method signature="RegistrationSuccessful1()[pri:0, instance:Selenium.Maurya.TestFile@4445629]" started-at="2021-04-24T11:04:51 IST" name="RegistrationSuccessful1" finished-at="2021-04-24T11:04:52 IST" duration-ms="541" status="PASS">
          <reporter-output>
          </reporter-output>
        </test-method> <!-- RegistrationSuccessful1 -->
        <test-method signature="RegistrationSuccessful2()[pri:0, instance:Selenium.Maurya.TestFile@4445629]" started-at="2021-04-24T11:04:52 IST" name="RegistrationSuccessful2" finished-at="2021-04-24T11:04:52 IST" duration-ms="387" status="PASS">
          <reporter-output>
          </reporter-output>
        </test-method> <!-- RegistrationSuccessful2 -->
        <test-method signature="main1()[pri:0, instance:Selenium.Maurya.TestFile@4445629]" started-at="2021-04-24T11:04:52 IST" name="main1" finished-at="2021-04-24T11:05:23 IST" duration-ms="30575" status="PASS">
          <reporter-output>
          </reporter-output>
        </test-method> <!-- main1 -->
      </class> <!-- Selenium.Maurya.TestFile -->
    </test> <!-- Default test -->
  </suite> <!-- Default suite -->
</testng-results>
